0 verbose cli /opt/hostedtoolcache/node/20.20.2/x64/bin/node /opt/hostedtoolcache/node/20.20.2/x64/bin/npm
1 info using npm@10.8.2
2 info using node@v20.20.2
3 silly config load:file:/opt/hostedtoolcache/node/20.20.2/x64/lib/node_modules/npm/npmrc
4 silly config load:file:/home/runner/work/CAT-TOOL/CAT-TOOL/.npmrc
5 silly config load:file:/home/runner/.npmrc
6 silly config load:file:/opt/hostedtoolcache/node/20.20.2/x64/etc/npmrc
7 verbose title npm install
8 verbose argv "install" "--legacy-peer-deps"
9 verbose logfile logs-max:10 dir:/home/runner/.npm/_logs/2026-06-27T14_02_26_062Z-
10 verbose logfile /home/runner/.npm/_logs/2026-06-27T14_02_26_062Z-debug-0.log
11 silly packumentCache heap:4345298944 maxSize:1086324736 maxEntrySize:543162368
12 silly logfile done cleaning log files
13 silly idealTree buildDeps
14 silly fetch manifest @unrs/resolver-binding-openharmony-arm64@1.12.2
15 silly packumentCache full:https://registry.npmjs.org/@unrs%2fresolver-binding-openharmony-arm64 cache-miss
16 http fetch GET 200 https://registry.npmjs.org/@unrs%2fresolver-binding-openharmony-arm64 198ms (cache miss)
17 silly packumentCache full:https://registry.npmjs.org/@unrs%2fresolver-binding-openharmony-arm64 set size:undefined disposed:false
18 silly placeDep ROOT @unrs/resolver-binding-openharmony-arm64@1.12.2 OK for: unrs-resolver@1.12.2 want: 1.12.2
19 verbose stack TypeError: Invalid Version: 
19 verbose stack     at new SemVer (/opt/hostedtoolcache/node/20.20.2/x64/lib/node_modules/npm/node_modules/semver/classes/semver.js:38:13)
19 verbose stack     at compare (/opt/hostedtoolcache/node/20.20.2/x64/lib/node_modules/npm/node_modules/semver/functions/compare.js:3:32)
19 verbose stack     at Object.gte (/opt/hostedtoolcache/node/20.20.2/x64/lib/node_modules/npm/node_modules/semver/functions/gte.js:2:30)
19 verbose stack     at Node.canDedupe (/opt/hostedtoolcache/node/20.20.2/x64/lib/node_modules/npm/node_modules/@npmcli/arborist/lib/node.js:1081:32)
19 verbose stack     at PlaceDep.pruneDedupable (/opt/hostedtoolcache/node/20.20.2/x64/lib/node_modules/npm/node_modules/@npmcli/arborist/lib/place-dep.js:426:14)
19 verbose stack     at new PlaceDep (/opt/hostedtoolcache/node/20.20.2/x64/lib/node_modules/npm/node_modules/@npmcli/arborist/lib/place-dep.js:278:14)
19 verbose stack     at #buildDepStep (/opt/hostedtoolcache/node/20.20.2/x64/lib/node_modules/npm/node_modules/@npmcli/arborist/lib/arborist/build-ideal-tree.js:917:18)
19 verbose stack     at async Arborist.buildIdealTree (/opt/hostedtoolcache/node/20.20.2/x64/lib/node_modules/npm/node_modules/@npmcli/arborist/lib/arborist/build-ideal-tree.js:181:7)
19 verbose stack     at async Promise.all (index 1)
19 verbose stack     at async Arborist.reify (/opt/hostedtoolcache/node/20.20.2/x64/lib/node_modules/npm/node_modules/@npmcli/arborist/lib/arborist/reify.js:131:5)
20 error Invalid Version: 
21 silly unfinished npm timer reify 1782568946262
22 silly unfinished npm timer reify:loadTrees 1782568946263
23 silly unfinished npm timer idealTree:buildDeps 1782568946382
24 silly unfinished npm timer idealTree:node_modules/unrs-resolver 1782568946489
25 verbose cwd /home/runner/work/CAT-TOOL/CAT-TOOL
26 verbose os Linux 6.17.0-1018-azure
27 verbose node v20.20.2
28 verbose npm  v10.8.2
29 verbose exit 1
30 verbose code 1
31 error A complete log of this run can be found in: /home/runner/.npm/_logs/2026-06-27T14_02_26_062Z-debug-0.log
